mode: set
github.com/spidernet-io/spiderpool/pkg/subnetmanager/app_controller.go:76.149,77.29 1 1
github.com/spidernet-io/spiderpool/pkg/subnetmanager/app_controller.go:77.29,79.3 1 0
github.com/spidernet-io/spiderpool/pkg/subnetmanager/app_controller.go:81.2,82.12 2 1
github.com/spidernet-io/spiderpool/pkg/subnetmanager/app_controller.go:82.12,83.7 1 1
github.com/spidernet-io/spiderpool/pkg/subnetmanager/app_controller.go:83.7,84.11 1 1
github.com/spidernet-io/spiderpool/pkg/subnetmanager/app_controller.go:85.22,86.11 1 1
github.com/spidernet-io/spiderpool/pkg/subnetmanager/app_controller.go:87.12,87.12 0 1
github.com/spidernet-io/spiderpool/pkg/subnetmanager/app_controller.go:90.4,90.37 1 1
github.com/spidernet-io/spiderpool/pkg/subnetmanager/app_controller.go:90.37,92.13 2 1
github.com/spidernet-io/spiderpool/pkg/subnetmanager/app_controller.go:95.4,96.14 2 0
github.com/spidernet-io/spiderpool/pkg/subnetmanager/app_controller.go:96.14,97.9 1 0
github.com/spidernet-io/spiderpool/pkg/subnetmanager/app_controller.go:97.9,98.13 1 0
github.com/spidernet-io/spiderpool/pkg/subnetmanager/app_controller.go:99.29,100.13 1 0
github.com/spidernet-io/spiderpool/pkg/subnetmanager/app_controller.go:101.14,101.14 0 0
github.com/spidernet-io/spiderpool/pkg/subnetmanager/app_controller.go:104.6,104.39 1 0
github.com/spidernet-io/spiderpool/pkg/subnetmanager/app_controller.go:104.39,108.7 3 0
github.com/spidernet-io/spiderpool/pkg/subnetmanager/app_controller.go:109.6,109.41 1 0
github.com/spidernet-io/spiderpool/pkg/subnetmanager/app_controller.go:113.4,118.18 6 0
github.com/spidernet-io/spiderpool/pkg/subnetmanager/app_controller.go:118.18,120.5 1 0
github.com/spidernet-io/spiderpool/pkg/subnetmanager/app_controller.go:121.4,121.60 1 0
github.com/spidernet-io/spiderpool/pkg/subnetmanager/app_controller.go:125.2,125.12 1 1
github.com/spidernet-io/spiderpool/pkg/subnetmanager/app_controller.go:130.104,131.69 1 1
github.com/spidernet-io/spiderpool/pkg/subnetmanager/app_controller.go:131.69,140.37 7 1
github.com/spidernet-io/spiderpool/pkg/subnetmanager/app_controller.go:141.27,146.48 3 1
github.com/spidernet-io/spiderpool/pkg/subnetmanager/app_controller.go:146.48,149.5 2 0
github.com/spidernet-io/spiderpool/pkg/subnetmanager/app_controller.go:152.4,153.20 2 1
github.com/spidernet-io/spiderpool/pkg/subnetmanager/app_controller.go:153.20,156.5 2 0
github.com/spidernet-io/spiderpool/pkg/subnetmanager/app_controller.go:158.4,160.18 3 1
github.com/spidernet-io/spiderpool/pkg/subnetmanager/app_controller.go:160.18,162.5 1 0
github.com/spidernet-io/spiderpool/pkg/subnetmanager/app_controller.go:165.4,165.56 1 1
github.com/spidernet-io/spiderpool/pkg/subnetmanager/app_controller.go:165.56,168.5 2 1
github.com/spidernet-io/spiderpool/pkg/subnetmanager/app_controller.go:170.4,172.21 2 0
github.com/spidernet-io/spiderpool/pkg/subnetmanager/app_controller.go:172.21,176.19 4 0
github.com/spidernet-io/spiderpool/pkg/subnetmanager/app_controller.go:176.19,178.6 1 0
github.com/spidernet-io/spiderpool/pkg/subnetmanager/app_controller.go:181.27,186.48 3 0
github.com/spidernet-io/spiderpool/pkg/subnetmanager/app_controller.go:186.48,189.5 2 0
github.com/spidernet-io/spiderpool/pkg/subnetmanager/app_controller.go:192.4,193.20 2 0
github.com/spidernet-io/spiderpool/pkg/subnetmanager/app_controller.go:193.20,196.5 2 0
github.com/spidernet-io/spiderpool/pkg/subnetmanager/app_controller.go:198.4,200.18 3 0
github.com/spidernet-io/spiderpool/pkg/subnetmanager/app_controller.go:200.18,202.5 1 0
github.com/spidernet-io/spiderpool/pkg/subnetmanager/app_controller.go:205.4,205.56 1 0
github.com/spidernet-io/spiderpool/pkg/subnetmanager/app_controller.go:205.56,208.5 2 0
github.com/spidernet-io/spiderpool/pkg/subnetmanager/app_controller.go:210.4,212.21 2 0
github.com/spidernet-io/spiderpool/pkg/subnetmanager/app_controller.go:212.21,216.19 4 0
github.com/spidernet-io/spiderpool/pkg/subnetmanager/app_controller.go:216.19,218.6 1 0
github.com/spidernet-io/spiderpool/pkg/subnetmanager/app_controller.go:221.28,226.48 3 0
github.com/spidernet-io/spiderpool/pkg/subnetmanager/app_controller.go:226.48,229.5 2 0
github.com/spidernet-io/spiderpool/pkg/subnetmanager/app_controller.go:232.4,233.20 2 0
github.com/spidernet-io/spiderpool/pkg/subnetmanager/app_controller.go:233.20,236.5 2 0
github.com/spidernet-io/spiderpool/pkg/subnetmanager/app_controller.go:238.4,240.18 3 0
github.com/spidernet-io/spiderpool/pkg/subnetmanager/app_controller.go:240.18,242.5 1 0
github.com/spidernet-io/spiderpool/pkg/subnetmanager/app_controller.go:245.4,245.56 1 0
github.com/spidernet-io/spiderpool/pkg/subnetmanager/app_controller.go:245.56,248.5 2 0
github.com/spidernet-io/spiderpool/pkg/subnetmanager/app_controller.go:250.4,252.21 2 0
github.com/spidernet-io/spiderpool/pkg/subnetmanager/app_controller.go:252.21,256.19 4 0
github.com/spidernet-io/spiderpool/pkg/subnetmanager/app_controller.go:256.19,258.6 1 0
github.com/spidernet-io/spiderpool/pkg/subnetmanager/app_controller.go:261.21,266.48 3 0
github.com/spidernet-io/spiderpool/pkg/subnetmanager/app_controller.go:266.48,269.5 2 0
github.com/spidernet-io/spiderpool/pkg/subnetmanager/app_controller.go:272.4,273.20 2 0
github.com/spidernet-io/spiderpool/pkg/subnetmanager/app_controller.go:273.20,276.5 2 0
github.com/spidernet-io/spiderpool/pkg/subnetmanager/app_controller.go:278.4,280.18 3 0
github.com/spidernet-io/spiderpool/pkg/subnetmanager/app_controller.go:280.18,282.5 1 0
github.com/spidernet-io/spiderpool/pkg/subnetmanager/app_controller.go:285.4,285.56 1 0
github.com/spidernet-io/spiderpool/pkg/subnetmanager/app_controller.go:285.56,288.5 2 0
github.com/spidernet-io/spiderpool/pkg/subnetmanager/app_controller.go:290.4,292.21 2 0
github.com/spidernet-io/spiderpool/pkg/subnetmanager/app_controller.go:292.21,296.19 4 0
github.com/spidernet-io/spiderpool/pkg/subnetmanager/app_controller.go:296.19,298.6 1 0
github.com/spidernet-io/spiderpool/pkg/subnetmanager/app_controller.go:301.25,306.65 3 0
github.com/spidernet-io/spiderpool/pkg/subnetmanager/app_controller.go:306.65,309.5 2 0
github.com/spidernet-io/spiderpool/pkg/subnetmanager/app_controller.go:312.4,313.20 2 0
github.com/spidernet-io/spiderpool/pkg/subnetmanager/app_controller.go:313.20,316.5 2 0
github.com/spidernet-io/spiderpool/pkg/subnetmanager/app_controller.go:318.4,320.18 3 0
github.com/spidernet-io/spiderpool/pkg/subnetmanager/app_controller.go:320.18,322.5 1 0
github.com/spidernet-io/spiderpool/pkg/subnetmanager/app_controller.go:325.4,325.56 1 0
github.com/spidernet-io/spiderpool/pkg/subnetmanager/app_controller.go:325.56,328.5 2 0
github.com/spidernet-io/spiderpool/pkg/subnetmanager/app_controller.go:330.4,332.21 2 0
github.com/spidernet-io/spiderpool/pkg/subnetmanager/app_controller.go:332.21,336.19 4 0
github.com/spidernet-io/spiderpool/pkg/subnetmanager/app_controller.go:336.19,338.6 1 0
github.com/spidernet-io/spiderpool/pkg/subnetmanager/app_controller.go:341.26,346.48 3 0
github.com/spidernet-io/spiderpool/pkg/subnetmanager/app_controller.go:346.48,349.5 2 0
github.com/spidernet-io/spiderpool/pkg/subnetmanager/app_controller.go:352.4,353.20 2 0
github.com/spidernet-io/spiderpool/pkg/subnetmanager/app_controller.go:353.20,356.5 2 0
github.com/spidernet-io/spiderpool/pkg/subnetmanager/app_controller.go:358.4,360.18 3 0
github.com/spidernet-io/spiderpool/pkg/subnetmanager/app_controller.go:360.18,362.5 1 0
github.com/spidernet-io/spiderpool/pkg/subnetmanager/app_controller.go:365.4,365.56 1 0
github.com/spidernet-io/spiderpool/pkg/subnetmanager/app_controller.go:365.56,368.5 2 0
github.com/spidernet-io/spiderpool/pkg/subnetmanager/app_controller.go:370.4,372.21 2 0
github.com/spidernet-io/spiderpool/pkg/subnetmanager/app_controller.go:372.21,376.19 4 0
github.com/spidernet-io/spiderpool/pkg/subnetmanager/app_controller.go:376.19,378.6 1 0
github.com/spidernet-io/spiderpool/pkg/subnetmanager/app_controller.go:381.11,382.62 1 0
github.com/spidernet-io/spiderpool/pkg/subnetmanager/app_controller.go:385.3,387.104 2 0
github.com/spidernet-io/spiderpool/pkg/subnetmanager/app_controller.go:387.104,390.4 2 0
github.com/spidernet-io/spiderpool/pkg/subnetmanager/app_controller.go:392.3,392.13 1 0
github.com/spidernet-io/spiderpool/pkg/subnetmanager/app_controller.go:396.159,406.16 4 1
github.com/spidernet-io/spiderpool/pkg/subnetmanager/app_controller.go:406.16,408.3 1 0
github.com/spidernet-io/spiderpool/pkg/subnetmanager/app_controller.go:409.2,411.15 2 1
github.com/spidernet-io/spiderpool/pkg/subnetmanager/app_controller.go:414.95,442.2 19 0
github.com/spidernet-io/spiderpool/pkg/subnetmanager/app_controller.go:451.98,456.16 3 0
github.com/spidernet-io/spiderpool/pkg/subnetmanager/app_controller.go:456.16,459.3 2 0
github.com/spidernet-io/spiderpool/pkg/subnetmanager/app_controller.go:461.2,467.51 2 0
github.com/spidernet-io/spiderpool/pkg/subnetmanager/app_controller.go:467.51,470.3 2 0
github.com/spidernet-io/spiderpool/pkg/subnetmanager/app_controller.go:472.2,473.79 2 0
github.com/spidernet-io/spiderpool/pkg/subnetmanager/app_controller.go:476.67,489.9 5 0
github.com/spidernet-io/spiderpool/pkg/subnetmanager/app_controller.go:489.9,491.3 1 0
github.com/spidernet-io/spiderpool/pkg/subnetmanager/app_controller.go:493.2,493.48 1 0
github.com/spidernet-io/spiderpool/pkg/subnetmanager/app_controller.go:493.48,496.3 2 0
github.com/spidernet-io/spiderpool/pkg/subnetmanager/app_controller.go:498.2,502.12 4 0
github.com/spidernet-io/spiderpool/pkg/subnetmanager/app_controller.go:505.45,506.32 1 0
github.com/spidernet-io/spiderpool/pkg/subnetmanager/app_controller.go:506.33,507.3 0 0
github.com/spidernet-io/spiderpool/pkg/subnetmanager/app_controller.go:510.60,512.14 2 0
github.com/spidernet-io/spiderpool/pkg/subnetmanager/app_controller.go:512.14,515.3 2 0
github.com/spidernet-io/spiderpool/pkg/subnetmanager/app_controller.go:517.2,519.41 2 0
github.com/spidernet-io/spiderpool/pkg/subnetmanager/app_controller.go:519.41,522.10 3 0
github.com/spidernet-io/spiderpool/pkg/subnetmanager/app_controller.go:522.10,525.4 2 0
github.com/spidernet-io/spiderpool/pkg/subnetmanager/app_controller.go:527.3,533.17 3 0
github.com/spidernet-io/spiderpool/pkg/subnetmanager/app_controller.go:533.17,535.46 1 0
github.com/spidernet-io/spiderpool/pkg/subnetmanager/app_controller.go:535.46,538.5 2 0
github.com/spidernet-io/spiderpool/pkg/subnetmanager/app_controller.go:541.4,541.33 1 0
github.com/spidernet-io/spiderpool/pkg/subnetmanager/app_controller.go:541.33,545.5 3 0
github.com/spidernet-io/spiderpool/pkg/subnetmanager/app_controller.go:548.4,548.46 1 0
github.com/spidernet-io/spiderpool/pkg/subnetmanager/app_controller.go:548.46,549.64 1 0
github.com/spidernet-io/spiderpool/pkg/subnetmanager/app_controller.go:549.64,553.6 3 0
github.com/spidernet-io/spiderpool/pkg/subnetmanager/app_controller.go:555.5,555.55 1 0
github.com/spidernet-io/spiderpool/pkg/subnetmanager/app_controller.go:558.4,559.14 2 0
github.com/spidernet-io/spiderpool/pkg/subnetmanager/app_controller.go:562.3,563.13 2 0
github.com/spidernet-io/spiderpool/pkg/subnetmanager/app_controller.go:566.2,566.37 1 0
github.com/spidernet-io/spiderpool/pkg/subnetmanager/app_controller.go:566.37,568.3 1 0
github.com/spidernet-io/spiderpool/pkg/subnetmanager/app_controller.go:570.2,570.13 1 0
github.com/spidernet-io/spiderpool/pkg/subnetmanager/app_controller.go:574.98,576.16 2 0
github.com/spidernet-io/spiderpool/pkg/subnetmanager/app_controller.go:576.16,578.3 1 0
github.com/spidernet-io/spiderpool/pkg/subnetmanager/app_controller.go:580.2,586.24 6 0
github.com/spidernet-io/spiderpool/pkg/subnetmanager/app_controller.go:587.31,589.17 2 0
github.com/spidernet-io/spiderpool/pkg/subnetmanager/app_controller.go:589.17,590.33 1 0
github.com/spidernet-io/spiderpool/pkg/subnetmanager/app_controller.go:590.33,593.5 2 0
github.com/spidernet-io/spiderpool/pkg/subnetmanager/app_controller.go:594.4,594.14 1 0
github.com/spidernet-io/spiderpool/pkg/subnetmanager/app_controller.go:597.3,600.30 4 0
github.com/spidernet-io/spiderpool/pkg/subnetmanager/app_controller.go:602.31,604.17 2 0
github.com/spidernet-io/spiderpool/pkg/subnetmanager/app_controller.go:604.17,605.33 1 0
github.com/spidernet-io/spiderpool/pkg/subnetmanager/app_controller.go:605.33,608.5 2 0
github.com/spidernet-io/spiderpool/pkg/subnetmanager/app_controller.go:609.4,609.14 1 0
github.com/spidernet-io/spiderpool/pkg/subnetmanager/app_controller.go:612.3,615.30 4 0
github.com/spidernet-io/spiderpool/pkg/subnetmanager/app_controller.go:617.30,619.17 2 0
github.com/spidernet-io/spiderpool/pkg/subnetmanager/app_controller.go:619.17,620.33 1 0
github.com/spidernet-io/spiderpool/pkg/subnetmanager/app_controller.go:620.33,623.5 2 0
github.com/spidernet-io/spiderpool/pkg/subnetmanager/app_controller.go:624.4,624.14 1 0
github.com/spidernet-io/spiderpool/pkg/subnetmanager/app_controller.go:627.3,630.29 4 0
github.com/spidernet-io/spiderpool/pkg/subnetmanager/app_controller.go:632.32,634.17 2 0
github.com/spidernet-io/spiderpool/pkg/subnetmanager/app_controller.go:634.17,635.33 1 0
github.com/spidernet-io/spiderpool/pkg/subnetmanager/app_controller.go:635.33,638.5 2 0
github.com/spidernet-io/spiderpool/pkg/subnetmanager/app_controller.go:639.4,639.14 1 0
github.com/spidernet-io/spiderpool/pkg/subnetmanager/app_controller.go:642.3,645.31 4 0
github.com/spidernet-io/spiderpool/pkg/subnetmanager/app_controller.go:647.24,649.17 2 0
github.com/spidernet-io/spiderpool/pkg/subnetmanager/app_controller.go:649.17,650.33 1 0
github.com/spidernet-io/spiderpool/pkg/subnetmanager/app_controller.go:650.33,653.5 2 0
github.com/spidernet-io/spiderpool/pkg/subnetmanager/app_controller.go:654.4,654.14 1 0
github.com/spidernet-io/spiderpool/pkg/subnetmanager/app_controller.go:657.3,660.23 4 0
github.com/spidernet-io/spiderpool/pkg/subnetmanager/app_controller.go:662.28,664.17 2 0
github.com/spidernet-io/spiderpool/pkg/subnetmanager/app_controller.go:664.17,665.33 1 0
github.com/spidernet-io/spiderpool/pkg/subnetmanager/app_controller.go:665.33,668.5 2 0
github.com/spidernet-io/spiderpool/pkg/subnetmanager/app_controller.go:669.4,669.14 1 0
github.com/spidernet-io/spiderpool/pkg/subnetmanager/app_controller.go:672.3,675.27 4 0
github.com/spidernet-io/spiderpool/pkg/subnetmanager/app_controller.go:677.10,678.105 1 0
github.com/spidernet-io/spiderpool/pkg/subnetmanager/app_controller.go:681.2,682.16 2 0
github.com/spidernet-io/spiderpool/pkg/subnetmanager/app_controller.go:682.16,684.3 1 0
github.com/spidernet-io/spiderpool/pkg/subnetmanager/app_controller.go:686.2,698.16 3 0
github.com/spidernet-io/spiderpool/pkg/subnetmanager/app_controller.go:698.16,700.3 1 0
github.com/spidernet-io/spiderpool/pkg/subnetmanager/app_controller.go:702.2,702.12 1 0
github.com/spidernet-io/spiderpool/pkg/subnetmanager/app_controller.go:707.98,711.160 2 0
github.com/spidernet-io/spiderpool/pkg/subnetmanager/app_controller.go:711.160,713.43 2 0
github.com/spidernet-io/spiderpool/pkg/subnetmanager/app_controller.go:713.43,715.4 1 0
github.com/spidernet-io/spiderpool/pkg/subnetmanager/app_controller.go:715.9,717.4 1 0
github.com/spidernet-io/spiderpool/pkg/subnetmanager/app_controller.go:720.3,720.31 1 0
github.com/spidernet-io/spiderpool/pkg/subnetmanager/app_controller.go:720.31,725.4 2 0
github.com/spidernet-io/spiderpool/pkg/subnetmanager/app_controller.go:725.9,725.38 1 0
github.com/spidernet-io/spiderpool/pkg/subnetmanager/app_controller.go:725.38,729.4 3 0
github.com/spidernet-io/spiderpool/pkg/subnetmanager/app_controller.go:729.9,732.4 1 0
github.com/spidernet-io/spiderpool/pkg/subnetmanager/app_controller.go:734.3,734.9 1 0
github.com/spidernet-io/spiderpool/pkg/subnetmanager/app_controller.go:737.2,737.55 1 0
github.com/spidernet-io/spiderpool/pkg/subnetmanager/app_controller.go:737.55,738.44 1 0
github.com/spidernet-io/spiderpool/pkg/subnetmanager/app_controller.go:738.44,740.4 1 0
github.com/spidernet-io/spiderpool/pkg/subnetmanager/app_controller.go:741.3,741.44 1 0
github.com/spidernet-io/spiderpool/pkg/subnetmanager/app_controller.go:741.44,743.4 1 0
github.com/spidernet-io/spiderpool/pkg/subnetmanager/app_controller.go:745.3,747.44 3 0
github.com/spidernet-io/spiderpool/pkg/subnetmanager/app_controller.go:747.44,749.14 2 0
github.com/spidernet-io/spiderpool/pkg/subnetmanager/app_controller.go:749.14,761.21 5 0
github.com/spidernet-io/spiderpool/pkg/subnetmanager/app_controller.go:761.21,763.6 1 0
github.com/spidernet-io/spiderpool/pkg/subnetmanager/app_controller.go:765.5,765.84 1 0
github.com/spidernet-io/spiderpool/pkg/subnetmanager/app_controller.go:769.3,769.44 1 0
github.com/spidernet-io/spiderpool/pkg/subnetmanager/app_controller.go:769.44,771.14 2 0
github.com/spidernet-io/spiderpool/pkg/subnetmanager/app_controller.go:771.14,783.21 5 0
github.com/spidernet-io/spiderpool/pkg/subnetmanager/app_controller.go:783.21,785.6 1 0
github.com/spidernet-io/spiderpool/pkg/subnetmanager/app_controller.go:787.5,787.84 1 0
github.com/spidernet-io/spiderpool/pkg/subnetmanager/app_controller.go:791.3,793.35 2 0
github.com/spidernet-io/spiderpool/pkg/subnetmanager/app_controller.go:793.35,796.4 1 0
github.com/spidernet-io/spiderpool/pkg/subnetmanager/app_controller.go:798.3,798.13 1 0
github.com/spidernet-io/spiderpool/pkg/subnetmanager/app_controller.go:801.2,801.47 1 0
github.com/spidernet-io/spiderpool/pkg/subnetmanager/app_controller.go:801.47,802.54 1 0
github.com/spidernet-io/spiderpool/pkg/subnetmanager/app_controller.go:802.54,804.18 2 0
github.com/spidernet-io/spiderpool/pkg/subnetmanager/app_controller.go:804.18,806.5 1 0
github.com/spidernet-io/spiderpool/pkg/subnetmanager/app_controller.go:808.8,808.48 1 0
github.com/spidernet-io/spiderpool/pkg/subnetmanager/app_controller.go:808.48,810.17 2 0
github.com/spidernet-io/spiderpool/pkg/subnetmanager/app_controller.go:810.17,812.4 1 0
github.com/spidernet-io/spiderpool/pkg/subnetmanager/app_controller.go:813.8,816.3 1 0
github.com/spidernet-io/spiderpool/pkg/subnetmanager/app_controller.go:818.2,818.12 1 0
github.com/spidernet-io/spiderpool/pkg/subnetmanager/app_controller.go:824.43,826.28 1 0
github.com/spidernet-io/spiderpool/pkg/subnetmanager/app_controller.go:826.28,828.3 1 0
github.com/spidernet-io/spiderpool/pkg/subnetmanager/app_controller.go:830.2,833.57 3 0
github.com/spidernet-io/spiderpool/pkg/subnetmanager/app_controller.go:833.57,834.39 1 0
github.com/spidernet-io/spiderpool/pkg/subnetmanager/app_controller.go:834.39,837.4 2 0
github.com/spidernet-io/spiderpool/pkg/subnetmanager/app_controller.go:838.8,841.3 2 0
github.com/spidernet-io/spiderpool/pkg/subnetmanager/app_controller.go:843.2,843.18 1 0
github.com/spidernet-io/spiderpool/pkg/subnetmanager/app_controller.go:847.91,848.58 1 1
github.com/spidernet-io/spiderpool/pkg/subnetmanager/app_controller.go:848.58,854.31 4 0
github.com/spidernet-io/spiderpool/pkg/subnetmanager/app_controller.go:855.27,860.20 4 0
github.com/spidernet-io/spiderpool/pkg/subnetmanager/app_controller.go:860.20,863.5 2 0
github.com/spidernet-io/spiderpool/pkg/subnetmanager/app_controller.go:865.4,865.16 1 0
github.com/spidernet-io/spiderpool/pkg/subnetmanager/app_controller.go:867.27,872.20 4 0
github.com/spidernet-io/spiderpool/pkg/subnetmanager/app_controller.go:872.20,875.5 2 0
github.com/spidernet-io/spiderpool/pkg/subnetmanager/app_controller.go:877.4,877.16 1 0
github.com/spidernet-io/spiderpool/pkg/subnetmanager/app_controller.go:879.28,884.20 4 0
github.com/spidernet-io/spiderpool/pkg/subnetmanager/app_controller.go:884.20,887.5 2 0
github.com/spidernet-io/spiderpool/pkg/subnetmanager/app_controller.go:889.4,889.16 1 0
github.com/spidernet-io/spiderpool/pkg/subnetmanager/app_controller.go:891.21,896.20 4 0
github.com/spidernet-io/spiderpool/pkg/subnetmanager/app_controller.go:896.20,899.5 2 0
github.com/spidernet-io/spiderpool/pkg/subnetmanager/app_controller.go:901.4,901.16 1 0
github.com/spidernet-io/spiderpool/pkg/subnetmanager/app_controller.go:903.25,908.20 4 0
github.com/spidernet-io/spiderpool/pkg/subnetmanager/app_controller.go:908.20,911.5 2 0
github.com/spidernet-io/spiderpool/pkg/subnetmanager/app_controller.go:913.4,913.16 1 0
github.com/spidernet-io/spiderpool/pkg/subnetmanager/app_controller.go:915.26,920.20 4 0
github.com/spidernet-io/spiderpool/pkg/subnetmanager/app_controller.go:920.20,923.5 2 0
github.com/spidernet-io/spiderpool/pkg/subnetmanager/app_controller.go:925.4,925.16 1 0
github.com/spidernet-io/spiderpool/pkg/subnetmanager/app_controller.go:927.11,928.59 1 0
github.com/spidernet-io/spiderpool/pkg/subnetmanager/app_controller.go:932.3,933.17 2 0
github.com/spidernet-io/spiderpool/pkg/subnetmanager/app_controller.go:933.17,935.4 1 0
github.com/spidernet-io/spiderpool/pkg/subnetmanager/app_controller.go:937.3,937.13 1 0
github.com/spidernet-io/spiderpool/pkg/subnetmanager/app_controller.go:941.138,949.31 3 0
github.com/spidernet-io/spiderpool/pkg/subnetmanager/app_controller.go:949.31,950.27 1 0
github.com/spidernet-io/spiderpool/pkg/subnetmanager/app_controller.go:950.27,952.4 1 0
github.com/spidernet-io/spiderpool/pkg/subnetmanager/app_controller.go:955.2,957.16 3 0
github.com/spidernet-io/spiderpool/pkg/subnetmanager/app_controller.go:957.16,959.3 1 0
github.com/spidernet-io/spiderpool/pkg/subnetmanager/app_controller.go:961.2,961.30 1 0
github.com/spidernet-io/spiderpool/pkg/subnetmanager/app_controller.go:961.30,964.55 2 0
github.com/spidernet-io/spiderpool/pkg/subnetmanager/app_controller.go:964.55,967.18 3 0
github.com/spidernet-io/spiderpool/pkg/subnetmanager/app_controller.go:967.18,970.5 2 0
github.com/spidernet-io/spiderpool/pkg/subnetmanager/app_controller.go:972.4,972.67 1 0
github.com/spidernet-io/spiderpool/pkg/subnetmanager/app_controller.go:975.3,975.33 1 0
github.com/spidernet-io/spiderpool/pkg/subnetmanager/app_controller.go:975.33,979.4 3 0
github.com/spidernet-io/spiderpool/pkg/subnetmanager/app_controller.go:981.3,981.12 1 0
github.com/spidernet-io/spiderpool/pkg/subnetmanager/app_controller.go:984.2,984.12 1 0
github.com/spidernet-io/spiderpool/pkg/subnetmanager/config.go:15.88,17.2 1 0
github.com/spidernet-io/spiderpool/pkg/subnetmanager/subnet_informer.go:66.134,67.19 1 0
github.com/spidernet-io/spiderpool/pkg/subnetmanager/subnet_informer.go:67.19,69.3 1 0
github.com/spidernet-io/spiderpool/pkg/subnetmanager/subnet_informer.go:70.2,70.19 1 0
github.com/spidernet-io/spiderpool/pkg/subnetmanager/subnet_informer.go:70.19,72.3 1 0
github.com/spidernet-io/spiderpool/pkg/subnetmanager/subnet_informer.go:74.2,76.12 2 0
github.com/spidernet-io/spiderpool/pkg/subnetmanager/subnet_informer.go:76.12,77.7 1 0
github.com/spidernet-io/spiderpool/pkg/subnetmanager/subnet_informer.go:77.7,78.11 1 0
github.com/spidernet-io/spiderpool/pkg/subnetmanager/subnet_informer.go:79.22,80.11 1 0
github.com/spidernet-io/spiderpool/pkg/subnetmanager/subnet_informer.go:81.12,81.12 0 0
github.com/spidernet-io/spiderpool/pkg/subnetmanager/subnet_informer.go:84.4,84.27 1 0
github.com/spidernet-io/spiderpool/pkg/subnetmanager/subnet_informer.go:84.27,86.13 2 0
github.com/spidernet-io/spiderpool/pkg/subnetmanager/subnet_informer.go:89.4,90.14 2 0
github.com/spidernet-io/spiderpool/pkg/subnetmanager/subnet_informer.go:90.14,91.9 1 0
github.com/spidernet-io/spiderpool/pkg/subnetmanager/subnet_informer.go:91.9,92.13 1 0
github.com/spidernet-io/spiderpool/pkg/subnetmanager/subnet_informer.go:93.29,94.13 1 0
github.com/spidernet-io/spiderpool/pkg/subnetmanager/subnet_informer.go:95.14,95.14 0 0
github.com/spidernet-io/spiderpool/pkg/subnetmanager/subnet_informer.go:98.6,98.29 1 0
github.com/spidernet-io/spiderpool/pkg/subnetmanager/subnet_informer.go:98.29,102.7 3 0
github.com/spidernet-io/spiderpool/pkg/subnetmanager/subnet_informer.go:103.6,103.40 1 0
github.com/spidernet-io/spiderpool/pkg/subnetmanager/subnet_informer.go:107.4,115.109 5 0
github.com/spidernet-io/spiderpool/pkg/subnetmanager/subnet_informer.go:115.109,118.5 2 0
github.com/spidernet-io/spiderpool/pkg/subnetmanager/subnet_informer.go:119.4,119.47 1 0
github.com/spidernet-io/spiderpool/pkg/subnetmanager/subnet_informer.go:123.2,123.12 1 0
github.com/spidernet-io/spiderpool/pkg/subnetmanager/subnet_informer.go:126.140,143.42 9 0
github.com/spidernet-io/spiderpool/pkg/subnetmanager/subnet_informer.go:143.42,145.4 1 0
github.com/spidernet-io/spiderpool/pkg/subnetmanager/subnet_informer.go:150.65,157.49 3 0
github.com/spidernet-io/spiderpool/pkg/subnetmanager/subnet_informer.go:157.49,160.3 2 0
github.com/spidernet-io/spiderpool/pkg/subnetmanager/subnet_informer.go:162.2,163.36 2 0
github.com/spidernet-io/spiderpool/pkg/subnetmanager/subnet_informer.go:166.79,173.49 3 0
github.com/spidernet-io/spiderpool/pkg/subnetmanager/subnet_informer.go:173.49,176.3 2 0
github.com/spidernet-io/spiderpool/pkg/subnetmanager/subnet_informer.go:178.2,179.36 2 0
github.com/spidernet-io/spiderpool/pkg/subnetmanager/subnet_informer.go:182.74,185.9 3 0
github.com/spidernet-io/spiderpool/pkg/subnetmanager/subnet_informer.go:185.9,187.3 1 0
github.com/spidernet-io/spiderpool/pkg/subnetmanager/subnet_informer.go:189.2,195.49 2 0
github.com/spidernet-io/spiderpool/pkg/subnetmanager/subnet_informer.go:195.49,198.3 2 0
github.com/spidernet-io/spiderpool/pkg/subnetmanager/subnet_informer.go:200.2,201.36 2 0
github.com/spidernet-io/spiderpool/pkg/subnetmanager/subnet_informer.go:204.73,212.119 6 0
github.com/spidernet-io/spiderpool/pkg/subnetmanager/subnet_informer.go:212.119,214.3 1 0
github.com/spidernet-io/spiderpool/pkg/subnetmanager/subnet_informer.go:216.2,217.31 2 0
github.com/spidernet-io/spiderpool/pkg/subnetmanager/subnet_informer.go:217.31,219.3 1 0
github.com/spidernet-io/spiderpool/pkg/subnetmanager/subnet_informer.go:221.2,225.12 4 0
github.com/spidernet-io/spiderpool/pkg/subnetmanager/subnet_informer.go:228.60,229.34 1 0
github.com/spidernet-io/spiderpool/pkg/subnetmanager/subnet_informer.go:229.35,230.3 0 0
github.com/spidernet-io/spiderpool/pkg/subnetmanager/subnet_informer.go:233.75,235.14 2 0
github.com/spidernet-io/spiderpool/pkg/subnetmanager/subnet_informer.go:235.14,237.3 1 0
github.com/spidernet-io/spiderpool/pkg/subnetmanager/subnet_informer.go:238.2,245.88 3 0
github.com/spidernet-io/spiderpool/pkg/subnetmanager/subnet_informer.go:245.88,249.3 3 0
github.com/spidernet-io/spiderpool/pkg/subnetmanager/subnet_informer.go:250.2,254.13 3 0
github.com/spidernet-io/spiderpool/pkg/subnetmanager/subnet_informer.go:257.87,259.16 2 0
github.com/spidernet-io/spiderpool/pkg/subnetmanager/subnet_informer.go:259.16,261.3 1 0
github.com/spidernet-io/spiderpool/pkg/subnetmanager/subnet_informer.go:263.2,264.57 2 0
github.com/spidernet-io/spiderpool/pkg/subnetmanager/subnet_informer.go:264.57,266.3 1 0
github.com/spidernet-io/spiderpool/pkg/subnetmanager/subnet_informer.go:268.2,268.65 1 0
github.com/spidernet-io/spiderpool/pkg/subnetmanager/subnet_informer.go:268.65,270.3 1 0
github.com/spidernet-io/spiderpool/pkg/subnetmanager/subnet_informer.go:272.2,272.68 1 0
github.com/spidernet-io/spiderpool/pkg/subnetmanager/subnet_informer.go:272.68,274.3 1 0
github.com/spidernet-io/spiderpool/pkg/subnetmanager/subnet_informer.go:276.2,276.37 1 0
github.com/spidernet-io/spiderpool/pkg/subnetmanager/subnet_informer.go:276.37,277.61 1 0
github.com/spidernet-io/spiderpool/pkg/subnetmanager/subnet_informer.go:277.61,279.4 1 0
github.com/spidernet-io/spiderpool/pkg/subnetmanager/subnet_informer.go:282.2,282.12 1 0
github.com/spidernet-io/spiderpool/pkg/subnetmanager/subnet_informer.go:285.104,287.16 2 0
github.com/spidernet-io/spiderpool/pkg/subnetmanager/subnet_informer.go:287.16,289.3 1 0
github.com/spidernet-io/spiderpool/pkg/subnetmanager/subnet_informer.go:291.2,292.72 2 0
github.com/spidernet-io/spiderpool/pkg/subnetmanager/subnet_informer.go:292.72,293.27 1 0
github.com/spidernet-io/spiderpool/pkg/subnetmanager/subnet_informer.go:293.27,295.4 1 0
github.com/spidernet-io/spiderpool/pkg/subnetmanager/subnet_informer.go:296.3,297.14 2 0
github.com/spidernet-io/spiderpool/pkg/subnetmanager/subnet_informer.go:300.2,300.10 1 0
github.com/spidernet-io/spiderpool/pkg/subnetmanager/subnet_informer.go:300.10,301.48 1 0
github.com/spidernet-io/spiderpool/pkg/subnetmanager/subnet_informer.go:301.48,303.4 1 0
github.com/spidernet-io/spiderpool/pkg/subnetmanager/subnet_informer.go:306.2,306.12 1 0
github.com/spidernet-io/spiderpool/pkg/subnetmanager/subnet_informer.go:309.112,311.16 2 0
github.com/spidernet-io/spiderpool/pkg/subnetmanager/subnet_informer.go:311.16,313.3 1 0
github.com/spidernet-io/spiderpool/pkg/subnetmanager/subnet_informer.go:315.2,315.31 1 0
github.com/spidernet-io/spiderpool/pkg/subnetmanager/subnet_informer.go:315.31,316.45 1 0
github.com/spidernet-io/spiderpool/pkg/subnetmanager/subnet_informer.go:316.45,317.12 1 0
github.com/spidernet-io/spiderpool/pkg/subnetmanager/subnet_informer.go:320.3,322.47 3 0
github.com/spidernet-io/spiderpool/pkg/subnetmanager/subnet_informer.go:322.47,323.83 1 0
github.com/spidernet-io/spiderpool/pkg/subnetmanager/subnet_informer.go:323.83,325.5 1 0
github.com/spidernet-io/spiderpool/pkg/subnetmanager/subnet_informer.go:326.4,326.17 1 0
github.com/spidernet-io/spiderpool/pkg/subnetmanager/subnet_informer.go:329.3,329.95 1 0
github.com/spidernet-io/spiderpool/pkg/subnetmanager/subnet_informer.go:329.95,330.30 1 0
github.com/spidernet-io/spiderpool/pkg/subnetmanager/subnet_informer.go:330.30,332.5 1 0
github.com/spidernet-io/spiderpool/pkg/subnetmanager/subnet_informer.go:333.4,334.17 2 0
github.com/spidernet-io/spiderpool/pkg/subnetmanager/subnet_informer.go:337.3,337.13 1 0
github.com/spidernet-io/spiderpool/pkg/subnetmanager/subnet_informer.go:337.13,338.51 1 0
github.com/spidernet-io/spiderpool/pkg/subnetmanager/subnet_informer.go:338.51,340.5 1 0
github.com/spidernet-io/spiderpool/pkg/subnetmanager/subnet_informer.go:344.2,344.12 1 0
github.com/spidernet-io/spiderpool/pkg/subnetmanager/subnet_informer.go:347.115,350.16 3 0
github.com/spidernet-io/spiderpool/pkg/subnetmanager/subnet_informer.go:350.16,352.3 1 0
github.com/spidernet-io/spiderpool/pkg/subnetmanager/subnet_informer.go:354.2,355.16 2 0
github.com/spidernet-io/spiderpool/pkg/subnetmanager/subnet_informer.go:355.16,357.3 1 0
github.com/spidernet-io/spiderpool/pkg/subnetmanager/subnet_informer.go:360.2,362.31 3 0
github.com/spidernet-io/spiderpool/pkg/subnetmanager/subnet_informer.go:362.31,364.17 2 0
github.com/spidernet-io/spiderpool/pkg/subnetmanager/subnet_informer.go:364.17,366.4 1 0
github.com/spidernet-io/spiderpool/pkg/subnetmanager/subnet_informer.go:367.3,367.29 1 0
github.com/spidernet-io/spiderpool/pkg/subnetmanager/subnet_informer.go:367.29,368.12 1 0
github.com/spidernet-io/spiderpool/pkg/subnetmanager/subnet_informer.go:371.3,375.17 4 0
github.com/spidernet-io/spiderpool/pkg/subnetmanager/subnet_informer.go:375.17,377.4 1 0
github.com/spidernet-io/spiderpool/pkg/subnetmanager/subnet_informer.go:378.3,378.79 1 0
github.com/spidernet-io/spiderpool/pkg/subnetmanager/subnet_informer.go:381.2,382.76 2 0
github.com/spidernet-io/spiderpool/pkg/subnetmanager/subnet_informer.go:382.76,387.3 4 0
github.com/spidernet-io/spiderpool/pkg/subnetmanager/subnet_informer.go:390.2,391.67 2 0
github.com/spidernet-io/spiderpool/pkg/subnetmanager/subnet_informer.go:391.67,394.3 2 0
github.com/spidernet-io/spiderpool/pkg/subnetmanager/subnet_informer.go:396.2,396.10 1 0
github.com/spidernet-io/spiderpool/pkg/subnetmanager/subnet_informer.go:396.10,397.57 1 0
github.com/spidernet-io/spiderpool/pkg/subnetmanager/subnet_informer.go:397.57,399.4 1 0
github.com/spidernet-io/spiderpool/pkg/subnetmanager/subnet_informer.go:402.3,402.136 1 0
github.com/spidernet-io/spiderpool/pkg/subnetmanager/subnet_informer.go:405.2,405.12 1 0
github.com/spidernet-io/spiderpool/pkg/subnetmanager/subnet_informer.go:408.107,411.81 2 0
github.com/spidernet-io/spiderpool/pkg/subnetmanager/subnet_informer.go:411.81,416.17 1 0
github.com/spidernet-io/spiderpool/pkg/subnetmanager/subnet_informer.go:416.17,418.4 1 0
github.com/spidernet-io/spiderpool/pkg/subnetmanager/subnet_informer.go:420.3,420.86 1 0
github.com/spidernet-io/spiderpool/pkg/subnetmanager/subnet_informer.go:420.86,422.4 1 0
github.com/spidernet-io/spiderpool/pkg/subnetmanager/subnet_informer.go:425.2,425.73 1 0
github.com/spidernet-io/spiderpool/pkg/subnetmanager/subnet_informer.go:425.73,427.3 1 0
github.com/spidernet-io/spiderpool/pkg/subnetmanager/subnet_informer.go:431.2,431.46 1 0
github.com/spidernet-io/spiderpool/pkg/subnetmanager/subnet_informer.go:431.46,433.3 1 0
github.com/spidernet-io/spiderpool/pkg/subnetmanager/subnet_informer.go:435.2,436.47 2 0
github.com/spidernet-io/spiderpool/pkg/subnetmanager/subnet_informer.go:436.47,438.3 1 0
github.com/spidernet-io/spiderpool/pkg/subnetmanager/subnet_informer.go:439.2,441.12 2 0
github.com/spidernet-io/spiderpool/pkg/subnetmanager/subnet_manager.go:41.163,42.19 1 0
github.com/spidernet-io/spiderpool/pkg/subnetmanager/subnet_manager.go:42.19,44.3 1 0
github.com/spidernet-io/spiderpool/pkg/subnetmanager/subnet_manager.go:45.2,45.26 1 0
github.com/spidernet-io/spiderpool/pkg/subnetmanager/subnet_manager.go:45.26,47.3 1 0
github.com/spidernet-io/spiderpool/pkg/subnetmanager/subnet_manager.go:48.2,48.19 1 0
github.com/spidernet-io/spiderpool/pkg/subnetmanager/subnet_manager.go:48.19,50.3 1 0
github.com/spidernet-io/spiderpool/pkg/subnetmanager/subnet_manager.go:52.2,57.8 1 0
github.com/spidernet-io/spiderpool/pkg/subnetmanager/subnet_manager.go:60.118,62.95 2 0
github.com/spidernet-io/spiderpool/pkg/subnetmanager/subnet_manager.go:62.95,64.3 1 0
github.com/spidernet-io/spiderpool/pkg/subnetmanager/subnet_manager.go:66.2,66.21 1 0
github.com/spidernet-io/spiderpool/pkg/subnetmanager/subnet_manager.go:69.126,71.66 2 0
github.com/spidernet-io/spiderpool/pkg/subnetmanager/subnet_manager.go:71.66,73.3 1 0
github.com/spidernet-io/spiderpool/pkg/subnetmanager/subnet_manager.go:75.2,75.25 1 0
github.com/spidernet-io/spiderpool/pkg/subnetmanager/subnet_manager.go:81.146,82.26 1 0
github.com/spidernet-io/spiderpool/pkg/subnetmanager/subnet_manager.go:82.26,84.3 1 0
github.com/spidernet-io/spiderpool/pkg/subnetmanager/subnet_manager.go:85.2,85.15 1 0
github.com/spidernet-io/spiderpool/pkg/subnetmanager/subnet_manager.go:85.15,87.3 1 0
github.com/spidernet-io/spiderpool/pkg/subnetmanager/subnet_manager.go:89.2,91.16 3 0
github.com/spidernet-io/spiderpool/pkg/subnetmanager/subnet_manager.go:91.16,93.3 1 0
github.com/spidernet-io/spiderpool/pkg/subnetmanager/subnet_manager.go:95.2,95.37 1 0
github.com/spidernet-io/spiderpool/pkg/subnetmanager/subnet_manager.go:95.37,98.3 1 0
github.com/spidernet-io/spiderpool/pkg/subnetmanager/subnet_manager.go:100.2,120.32 3 0
github.com/spidernet-io/spiderpool/pkg/subnetmanager/subnet_manager.go:120.32,123.3 2 0
github.com/spidernet-io/spiderpool/pkg/subnetmanager/subnet_manager.go:123.8,126.3 2 0
github.com/spidernet-io/spiderpool/pkg/subnetmanager/subnet_manager.go:128.2,129.16 2 0
github.com/spidernet-io/spiderpool/pkg/subnetmanager/subnet_manager.go:129.16,131.3 1 0
github.com/spidernet-io/spiderpool/pkg/subnetmanager/subnet_manager.go:132.2,134.19 2 0
github.com/spidernet-io/spiderpool/pkg/subnetmanager/subnet_manager.go:134.19,136.3 1 0
github.com/spidernet-io/spiderpool/pkg/subnetmanager/subnet_manager.go:137.2,140.16 3 0
github.com/spidernet-io/spiderpool/pkg/subnetmanager/subnet_manager.go:140.16,142.3 1 0
github.com/spidernet-io/spiderpool/pkg/subnetmanager/subnet_manager.go:144.2,145.15 2 0
github.com/spidernet-io/spiderpool/pkg/subnetmanager/subnet_manager.go:145.15,150.3 3 0
github.com/spidernet-io/spiderpool/pkg/subnetmanager/subnet_manager.go:151.2,153.16 3 0
github.com/spidernet-io/spiderpool/pkg/subnetmanager/subnet_manager.go:153.16,155.3 1 0
github.com/spidernet-io/spiderpool/pkg/subnetmanager/subnet_manager.go:157.2,159.16 3 0
github.com/spidernet-io/spiderpool/pkg/subnetmanager/subnet_manager.go:159.16,161.3 1 0
github.com/spidernet-io/spiderpool/pkg/subnetmanager/subnet_manager.go:162.2,164.16 2 0
github.com/spidernet-io/spiderpool/pkg/subnetmanager/subnet_manager.go:168.133,169.17 1 0
github.com/spidernet-io/spiderpool/pkg/subnetmanager/subnet_manager.go:169.17,171.3 1 0
github.com/spidernet-io/spiderpool/pkg/subnetmanager/subnet_manager.go:172.2,172.16 1 0
github.com/spidernet-io/spiderpool/pkg/subnetmanager/subnet_manager.go:172.16,174.3 1 0
github.com/spidernet-io/spiderpool/pkg/subnetmanager/subnet_manager.go:176.2,178.43 3 0
github.com/spidernet-io/spiderpool/pkg/subnetmanager/subnet_manager.go:178.43,181.3 1 0
github.com/spidernet-io/spiderpool/pkg/subnetmanager/subnet_manager.go:181.8,183.54 1 0
github.com/spidernet-io/spiderpool/pkg/subnetmanager/subnet_manager.go:183.54,186.4 2 0
github.com/spidernet-io/spiderpool/pkg/subnetmanager/subnet_manager.go:189.3,189.20 1 0
github.com/spidernet-io/spiderpool/pkg/subnetmanager/subnet_manager.go:192.2,192.16 1 0
github.com/spidernet-io/spiderpool/pkg/subnetmanager/subnet_manager.go:192.16,195.17 3 0
github.com/spidernet-io/spiderpool/pkg/subnetmanager/subnet_manager.go:195.17,197.4 1 0
github.com/spidernet-io/spiderpool/pkg/subnetmanager/subnet_manager.go:200.2,200.12 1 0
github.com/spidernet-io/spiderpool/pkg/subnetmanager/subnet_mutate.go:19.101,23.37 3 0
github.com/spidernet-io/spiderpool/pkg/subnetmanager/subnet_mutate.go:23.37,26.3 2 0
github.com/spidernet-io/spiderpool/pkg/subnetmanager/subnet_mutate.go:28.2,28.73 1 0
github.com/spidernet-io/spiderpool/pkg/subnetmanager/subnet_mutate.go:28.73,31.3 2 0
github.com/spidernet-io/spiderpool/pkg/subnetmanager/subnet_mutate.go:33.2,33.34 1 0
github.com/spidernet-io/spiderpool/pkg/subnetmanager/subnet_mutate.go:33.34,35.50 2 0
github.com/spidernet-io/spiderpool/pkg/subnetmanager/subnet_mutate.go:35.50,37.4 1 0
github.com/spidernet-io/spiderpool/pkg/subnetmanager/subnet_mutate.go:37.9,37.57 1 0
github.com/spidernet-io/spiderpool/pkg/subnetmanager/subnet_mutate.go:37.57,39.4 1 0
github.com/spidernet-io/spiderpool/pkg/subnetmanager/subnet_mutate.go:39.9,41.4 1 0
github.com/spidernet-io/spiderpool/pkg/subnetmanager/subnet_mutate.go:43.3,45.62 3 0
github.com/spidernet-io/spiderpool/pkg/subnetmanager/subnet_mutate.go:48.2,49.16 2 0
github.com/spidernet-io/spiderpool/pkg/subnetmanager/subnet_mutate.go:49.16,51.3 1 0
github.com/spidernet-io/spiderpool/pkg/subnetmanager/subnet_mutate.go:53.2,53.72 1 0
github.com/spidernet-io/spiderpool/pkg/subnetmanager/subnet_mutate.go:53.72,54.27 1 0
github.com/spidernet-io/spiderpool/pkg/subnetmanager/subnet_mutate.go:54.27,56.4 1 0
github.com/spidernet-io/spiderpool/pkg/subnetmanager/subnet_mutate.go:57.3,58.75 2 0
github.com/spidernet-io/spiderpool/pkg/subnetmanager/subnet_mutate.go:61.2,61.30 1 0
github.com/spidernet-io/spiderpool/pkg/subnetmanager/subnet_mutate.go:61.30,63.17 2 0
github.com/spidernet-io/spiderpool/pkg/subnetmanager/subnet_mutate.go:63.17,65.4 1 0
github.com/spidernet-io/spiderpool/pkg/subnetmanager/subnet_mutate.go:67.3,68.90 2 0
github.com/spidernet-io/spiderpool/pkg/subnetmanager/subnet_mutate.go:71.2,71.37 1 0
github.com/spidernet-io/spiderpool/pkg/subnetmanager/subnet_mutate.go:71.37,73.17 2 0
github.com/spidernet-io/spiderpool/pkg/subnetmanager/subnet_mutate.go:73.17,75.4 1 0
github.com/spidernet-io/spiderpool/pkg/subnetmanager/subnet_mutate.go:77.3,78.111 2 0
github.com/spidernet-io/spiderpool/pkg/subnetmanager/subnet_mutate.go:81.2,81.12 1 0
github.com/spidernet-io/spiderpool/pkg/subnetmanager/subnet_validate.go:30.119,31.74 1 0
github.com/spidernet-io/spiderpool/pkg/subnetmanager/subnet_validate.go:31.74,33.3 1 0
github.com/spidernet-io/spiderpool/pkg/subnetmanager/subnet_validate.go:35.2,35.59 1 0
github.com/spidernet-io/spiderpool/pkg/subnetmanager/subnet_validate.go:35.59,37.3 1 0
github.com/spidernet-io/spiderpool/pkg/subnetmanager/subnet_validate.go:39.2,40.59 2 0
github.com/spidernet-io/spiderpool/pkg/subnetmanager/subnet_validate.go:40.59,42.3 1 0
github.com/spidernet-io/spiderpool/pkg/subnetmanager/subnet_validate.go:44.2,44.20 1 0
github.com/spidernet-io/spiderpool/pkg/subnetmanager/subnet_validate.go:44.20,46.3 1 0
github.com/spidernet-io/spiderpool/pkg/subnetmanager/subnet_validate.go:48.2,48.13 1 0
github.com/spidernet-io/spiderpool/pkg/subnetmanager/subnet_validate.go:51.133,52.79 1 0
github.com/spidernet-io/spiderpool/pkg/subnetmanager/subnet_validate.go:52.79,54.3 1 0
github.com/spidernet-io/spiderpool/pkg/subnetmanager/subnet_validate.go:56.2,56.77 1 0
github.com/spidernet-io/spiderpool/pkg/subnetmanager/subnet_validate.go:56.77,58.3 1 0
github.com/spidernet-io/spiderpool/pkg/subnetmanager/subnet_validate.go:60.2,60.62 1 0
github.com/spidernet-io/spiderpool/pkg/subnetmanager/subnet_validate.go:60.62,62.3 1 0
github.com/spidernet-io/spiderpool/pkg/subnetmanager/subnet_validate.go:64.2,65.57 2 0
github.com/spidernet-io/spiderpool/pkg/subnetmanager/subnet_validate.go:65.57,67.3 1 0
github.com/spidernet-io/spiderpool/pkg/subnetmanager/subnet_validate.go:69.2,69.20 1 0
github.com/spidernet-io/spiderpool/pkg/subnetmanager/subnet_validate.go:69.20,71.3 1 0
github.com/spidernet-io/spiderpool/pkg/subnetmanager/subnet_validate.go:73.2,73.13 1 0
github.com/spidernet-io/spiderpool/pkg/subnetmanager/subnet_validate.go:76.101,78.58 1 0
github.com/spidernet-io/spiderpool/pkg/subnetmanager/subnet_validate.go:78.58,83.3 1 0
github.com/spidernet-io/spiderpool/pkg/subnetmanager/subnet_validate.go:85.2,85.52 1 0
github.com/spidernet-io/spiderpool/pkg/subnetmanager/subnet_validate.go:85.52,90.3 1 0
github.com/spidernet-io/spiderpool/pkg/subnetmanager/subnet_validate.go:92.2,92.12 1 0
github.com/spidernet-io/spiderpool/pkg/subnetmanager/subnet_validate.go:95.114,96.103 1 0
github.com/spidernet-io/spiderpool/pkg/subnetmanager/subnet_validate.go:96.103,98.3 1 0
github.com/spidernet-io/spiderpool/pkg/subnetmanager/subnet_validate.go:99.2,99.117 1 0
github.com/spidernet-io/spiderpool/pkg/subnetmanager/subnet_validate.go:99.117,101.3 1 0
github.com/spidernet-io/spiderpool/pkg/subnetmanager/subnet_validate.go:102.2,102.111 1 0
github.com/spidernet-io/spiderpool/pkg/subnetmanager/subnet_validate.go:102.111,104.3 1 0
github.com/spidernet-io/spiderpool/pkg/subnetmanager/subnet_validate.go:106.2,106.93 1 0
github.com/spidernet-io/spiderpool/pkg/subnetmanager/subnet_validate.go:109.76,111.16 2 0
github.com/spidernet-io/spiderpool/pkg/subnetmanager/subnet_validate.go:111.16,113.3 1 0
github.com/spidernet-io/spiderpool/pkg/subnetmanager/subnet_validate.go:115.2,115.71 1 0
github.com/spidernet-io/spiderpool/pkg/subnetmanager/subnet_validate.go:115.71,117.17 2 0
github.com/spidernet-io/spiderpool/pkg/subnetmanager/subnet_validate.go:117.17,119.4 1 0
github.com/spidernet-io/spiderpool/pkg/subnetmanager/subnet_validate.go:120.3,121.26 2 0
github.com/spidernet-io/spiderpool/pkg/subnetmanager/subnet_validate.go:121.26,127.4 2 0
github.com/spidernet-io/spiderpool/pkg/subnetmanager/subnet_validate.go:130.2,130.12 1 0
github.com/spidernet-io/spiderpool/pkg/subnetmanager/subnet_validate.go:133.89,134.20 1 0
github.com/spidernet-io/spiderpool/pkg/subnetmanager/subnet_validate.go:134.20,140.3 1 0
github.com/spidernet-io/spiderpool/pkg/subnetmanager/subnet_validate.go:142.2,142.60 1 0
github.com/spidernet-io/spiderpool/pkg/subnetmanager/subnet_validate.go:142.60,150.3 1 0
github.com/spidernet-io/spiderpool/pkg/subnetmanager/subnet_validate.go:152.2,152.49 1 0
github.com/spidernet-io/spiderpool/pkg/subnetmanager/subnet_validate.go:152.49,157.3 1 0
github.com/spidernet-io/spiderpool/pkg/subnetmanager/subnet_validate.go:159.2,159.49 1 0
github.com/spidernet-io/spiderpool/pkg/subnetmanager/subnet_validate.go:159.49,164.3 1 0
github.com/spidernet-io/spiderpool/pkg/subnetmanager/subnet_validate.go:166.2,166.12 1 0
github.com/spidernet-io/spiderpool/pkg/subnetmanager/subnet_validate.go:169.114,170.88 1 0
github.com/spidernet-io/spiderpool/pkg/subnetmanager/subnet_validate.go:170.88,176.3 1 0
github.com/spidernet-io/spiderpool/pkg/subnetmanager/subnet_validate.go:179.2,180.50 2 0
github.com/spidernet-io/spiderpool/pkg/subnetmanager/subnet_validate.go:180.50,182.3 1 0
github.com/spidernet-io/spiderpool/pkg/subnetmanager/subnet_validate.go:184.2,184.37 1 0
github.com/spidernet-io/spiderpool/pkg/subnetmanager/subnet_validate.go:184.37,185.50 1 0
github.com/spidernet-io/spiderpool/pkg/subnetmanager/subnet_validate.go:185.50,186.29 1 0
github.com/spidernet-io/spiderpool/pkg/subnetmanager/subnet_validate.go:186.29,188.5 1 0
github.com/spidernet-io/spiderpool/pkg/subnetmanager/subnet_validate.go:190.4,191.18 2 0
github.com/spidernet-io/spiderpool/pkg/subnetmanager/subnet_validate.go:191.18,193.5 1 0
github.com/spidernet-io/spiderpool/pkg/subnetmanager/subnet_validate.go:195.4,195.15 1 0
github.com/spidernet-io/spiderpool/pkg/subnetmanager/subnet_validate.go:195.15,201.5 1 0
github.com/spidernet-io/spiderpool/pkg/subnetmanager/subnet_validate.go:205.2,205.12 1 0
github.com/spidernet-io/spiderpool/pkg/subnetmanager/subnet_validate.go:208.91,209.24 1 0
github.com/spidernet-io/spiderpool/pkg/subnetmanager/subnet_validate.go:209.24,210.102 1 0
github.com/spidernet-io/spiderpool/pkg/subnetmanager/subnet_validate.go:210.102,212.4 1 0
github.com/spidernet-io/spiderpool/pkg/subnetmanager/subnet_validate.go:215.2,215.12 1 0
github.com/spidernet-io/spiderpool/pkg/subnetmanager/subnet_validate.go:218.105,219.31 1 0
github.com/spidernet-io/spiderpool/pkg/subnetmanager/subnet_validate.go:219.31,220.109 1 0
github.com/spidernet-io/spiderpool/pkg/subnetmanager/subnet_validate.go:220.109,222.4 1 0
github.com/spidernet-io/spiderpool/pkg/subnetmanager/subnet_validate.go:225.2,225.12 1 0
github.com/spidernet-io/spiderpool/pkg/subnetmanager/subnet_validate.go:228.98,229.20 1 0
github.com/spidernet-io/spiderpool/pkg/subnetmanager/subnet_validate.go:229.20,231.3 1 0
github.com/spidernet-io/spiderpool/pkg/subnetmanager/subnet_validate.go:233.2,233.12 1 0
github.com/spidernet-io/spiderpool/pkg/subnetmanager/subnet_validate.go:236.109,237.27 1 0
github.com/spidernet-io/spiderpool/pkg/subnetmanager/subnet_validate.go:237.27,238.61 1 0
github.com/spidernet-io/spiderpool/pkg/subnetmanager/subnet_validate.go:238.61,244.4 1 0
github.com/spidernet-io/spiderpool/pkg/subnetmanager/subnet_validate.go:246.3,246.115 1 0
github.com/spidernet-io/spiderpool/pkg/subnetmanager/subnet_validate.go:246.115,248.4 1 0
github.com/spidernet-io/spiderpool/pkg/subnetmanager/subnet_validate.go:251.2,251.12 1 0
github.com/spidernet-io/spiderpool/pkg/subnetmanager/subnet_webhook.go:33.74,34.26 1 0
github.com/spidernet-io/spiderpool/pkg/subnetmanager/subnet_webhook.go:34.26,36.3 1 0
github.com/spidernet-io/spiderpool/pkg/subnetmanager/subnet_webhook.go:38.2,42.13 1 0
github.com/spidernet-io/spiderpool/pkg/subnetmanager/subnet_webhook.go:48.81,57.83 4 0
github.com/spidernet-io/spiderpool/pkg/subnetmanager/subnet_webhook.go:57.83,59.3 1 0
github.com/spidernet-io/spiderpool/pkg/subnetmanager/subnet_webhook.go:61.2,61.12 1 0
github.com/spidernet-io/spiderpool/pkg/subnetmanager/subnet_webhook.go:67.88,76.96 4 0
github.com/spidernet-io/spiderpool/pkg/subnetmanager/subnet_webhook.go:76.96,83.3 2 0
github.com/spidernet-io/spiderpool/pkg/subnetmanager/subnet_webhook.go:85.2,85.12 1 0
github.com/spidernet-io/spiderpool/pkg/subnetmanager/subnet_webhook.go:89.99,100.40 6 0
github.com/spidernet-io/spiderpool/pkg/subnetmanager/subnet_webhook.go:100.40,101.77 1 0
github.com/spidernet-io/spiderpool/pkg/subnetmanager/subnet_webhook.go:101.77,103.4 1 0
github.com/spidernet-io/spiderpool/pkg/subnetmanager/subnet_webhook.go:105.3,109.4 1 0
github.com/spidernet-io/spiderpool/pkg/subnetmanager/subnet_webhook.go:112.2,112.110 1 0
github.com/spidernet-io/spiderpool/pkg/subnetmanager/subnet_webhook.go:112.110,119.3 2 0
github.com/spidernet-io/spiderpool/pkg/subnetmanager/subnet_webhook.go:121.2,121.12 1 0
github.com/spidernet-io/spiderpool/pkg/subnetmanager/subnet_webhook.go:125.88,127.2 1 0
